<?xml version="1.0" encoding="UTF-8" ?>
<testsuite failures="0" time="3.399" errors="0" skipped="0" tests="45" name="com.xebia.fitnesse.selenium.JavascriptTestCase">
  <properties>
    <property name="java.runtime.name" value="Java(TM) SE Runtime Environment"/>
    <property name="sun.boot.library.path" value="C:\Program Files\Java\jdk1.7.0_51\jre\bin"/>
    <property name="java.vm.version" value="24.51-b03"/>
    <property name="java.vm.vendor" value="Oracle Corporation"/>
    <property name="java.vendor.url" value="http://java.oracle.com/"/>
    <property name="path.separator" value=";"/>
    <property name="guice.disable.misplaced.annotation.check" value="true"/>
    <property name="java.vm.name" value="Java HotSpot(TM) 64-Bit Server VM"/>
    <property name="file.encoding.pkg" value="sun.io"/>
    <property name="user.script" value=""/>
    <property name="user.country" value="US"/>
    <property name="sun.java.launcher" value="SUN_STANDARD"/>
    <property name="sun.os.patch.level" value="Service Pack 1"/>
    <property name="java.vm.specification.name" value="Java Virtual Machine Specification"/>
    <property name="user.dir" value="C:\Users\Jaison&apos;s\workspace\OASIS-Maven"/>
    <property name="java.runtime.version" value="1.7.0_51-b13"/>
    <property name="java.awt.graphicsenv" value="sun.awt.Win32GraphicsEnvironment"/>
    <property name="java.endorsed.dirs" value="C:\Program Files\Java\jdk1.7.0_51\jre\lib\endorsed"/>
    <property name="os.arch" value="amd64"/>
    <property name="java.io.tmpdir" value="C:\Users\Jaison&apos;s\AppData\Local\Temp\"/>
    <property name="line.separator" value="
"/>
    <property name="java.vm.specification.vendor" value="Oracle Corporation"/>
    <property name="user.variant" value=""/>
    <property name="os.name" value="Windows 7"/>
    <property name="classworlds.conf" value="C:\Applications\Maven\apache-maven-3.1.1-bin\bin\m2.conf"/>
    <property name="sun.jnu.encoding" value="Cp1252"/>
    <property name="java.library.path" value="C:\Program Files\Java\jdk1.7.0_51\bin;C:\Windows\Sun\Java\bin;C:\Windows\system32;C:\Windows;C:\Program Files (x86)\Intel\iCLS Client\;C:\Program Files\Intel\iCLS Client\;C:\Program Files\Common Files\Microsoft Shared\Windows Live;C:\Program Files (x86)\Common Files\Microsoft Shared\Windows Live;C:\Windows\system32;C:\Windows;C:\Windows\System32\Wbem;C:\Windows\System32\WindowsPowerShell\v1.0\;C:\Program Files (x86)\Windows Live\Shared;C:\Program Files (x86)\Intel\OpenCL SDK\2.0\bin\x86;C:\Program Files (x86)\Intel\OpenCL SDK\2.0\bin\x64;C:\Program Files\Intel\Intel(R) Management Engine Components\DAL;C:\Program Files\Intel\Intel(R) Management Engine Components\IPT;C:\Program Files (x86)\Intel\Intel(R) Management Engine Components\DAL;C:\Program Files (x86)\Intel\Intel(R) Management Engine Components\IPT;C:\Program Files (x86)\QuickTime\QTSystem\;C:\Program Files (x86)\Git\cmd;C:\Applications\Maven\apache-maven-3.1.1-bin;C:\Applications\Maven\apache-maven-3.1.1-bin\bin;C:\Program Files\Java\jdk1.7.0_51\bin;C:\Applications\Maven\apache-maven-3.1.1-bin;C:\Program Files\Java\jdk1.7.0_51;C:\Applications\Ant\apache-ant-1.9.3;C:\Applications\Ant\apache-ant-1.9.3\bin;C:\Program Files (x86)\Git\bin;C:\Applications\WGet\wget-1.11.4-1-bin;C:\Applications\WGet\wget-1.11.4-1-bin\bin;."/>
    <property name="java.specification.name" value="Java Platform API Specification"/>
    <property name="java.class.version" value="51.0"/>
    <property name="sun.management.compiler" value="HotSpot 64-Bit Tiered Compilers"/>
    <property name="os.version" value="6.1"/>
    <property name="user.home" value="C:\Users\Jaison&apos;s"/>
    <property name="user.timezone" value="America/New_York"/>
    <property name="java.awt.printerjob" value="sun.awt.windows.WPrinterJob"/>
    <property name="java.specification.version" value="1.7"/>
    <property name="file.encoding" value="Cp1252"/>
    <property name="user.name" value="Jaison&apos;s"/>
    <property name="java.class.path" value="C:\Applications\Maven\apache-maven-3.1.1-bin\boot\plexus-classworlds-2.5.1.jar"/>
    <property name="org.slf4j.simpleLogger.defaultLogLevel" value="info"/>
    <property name="java.vm.specification.version" value="1.7"/>
    <property name="sun.arch.data.model" value="64"/>
    <property name="java.home" value="C:\Program Files\Java\jdk1.7.0_51\jre"/>
    <property name="sun.java.command" value="org.codehaus.plexus.classworlds.launcher.Launcher -Pfitnesse test"/>
    <property name="java.specification.vendor" value="Oracle Corporation"/>
    <property name="user.language" value="en"/>
    <property name="awt.toolkit" value="sun.awt.windows.WToolkit"/>
    <property name="java.vm.info" value="mixed mode"/>
    <property name="java.version" value="1.7.0_51"/>
    <property name="java.ext.dirs" value="C:\Program Files\Java\jdk1.7.0_51\jre\lib\ext;C:\Windows\Sun\Java\lib\ext"/>
    <property name="sun.boot.class.path" value="C:\Program Files\Java\jdk1.7.0_51\jre\lib\resources.jar;C:\Program Files\Java\jdk1.7.0_51\jre\lib\rt.jar;C:\Program Files\Java\jdk1.7.0_51\jre\lib\sunrsasign.jar;C:\Program Files\Java\jdk1.7.0_51\jre\lib\jsse.jar;C:\Program Files\Java\jdk1.7.0_51\jre\lib\jce.jar;C:\Program Files\Java\jdk1.7.0_51\jre\lib\charsets.jar;C:\Program Files\Java\jdk1.7.0_51\jre\lib\jfr.jar;C:\Program Files\Java\jdk1.7.0_51\jre\classes"/>
    <property name="java.vendor" value="Oracle Corporation"/>
    <property name="maven.home" value="C:\Applications\Maven\apache-maven-3.1.1-bin"/>
    <property name="file.separator" value="\"/>
    <property name="java.vendor.url.bug" value="http://bugreport.sun.com/bugreport/"/>
    <property name="sun.cpu.endian" value="little"/>
    <property name="sun.io.unicode.encoding" value="UnicodeLittle"/>
    <property name="sun.desktop" value="windows"/>
    <property name="sun.cpu.isalist" value="amd64"/>
  </properties>
  <testcase time="0.763" classname="com.xebia.fitnesse.selenium.JavascriptTestCase" name="testExecuteCommandOnEscapedTargetToSelenese"/>
  <testcase time="0.048" classname="com.xebia.fitnesse.selenium.JavascriptTestCase" name="testExecuteCommandOnVariableWithVariableToSelenese"/>
  <testcase time="0.072" classname="com.xebia.fitnesse.selenium.JavascriptTestCase" name="shoudlParseVariablesInText"/>
  <testcase time="0.117" classname="com.xebia.fitnesse.selenium.JavascriptTestCase" name="testExecuteCommandOnVariableToSelenese"/>
  <testcase time="0.054" classname="com.xebia.fitnesse.selenium.JavascriptTestCase" name="shouldWikiWordsAndUrlsToFitnesse"/>
  <testcase time="0.433" classname="com.xebia.fitnesse.selenium.JavascriptTestCase" name="testExecuteCommentWithMoreTextToSelenese"/>
  <testcase time="0.074" classname="com.xebia.fitnesse.selenium.JavascriptTestCase" name="testExecuteCommandOnVariableWithEmbeddedVariableToSelenese"/>
  <testcase time="0.055" classname="com.xebia.fitnesse.selenium.JavascriptTestCase" name="shoudlConvertGlob"/>
  <testcase time="0.041" classname="com.xebia.fitnesse.selenium.JavascriptTestCase" name="testExecuteCommandOnComplexXPathPatternToSelenese"/>
  <testcase time="0.326" classname="com.xebia.fitnesse.selenium.JavascriptTestCase" name="testExecuteCommentToSelenese"/>
  <testcase time="0" classname="com.xebia.fitnesse.selenium.JavascriptTestCase" name="shouldExecuteCommandOnTargetToFitnesse"/>
  <testcase time="0.049" classname="com.xebia.fitnesse.selenium.JavascriptTestCase" name="shouldParseExactToSeleneseWheneverPossible"/>
  <testcase time="0.025" classname="com.xebia.fitnesse.selenium.JavascriptTestCase" name="testExecuteCommandOnTargetToSelenese"/>
  <testcase time="0.045" classname="com.xebia.fitnesse.selenium.JavascriptTestCase" name="testExecuteCommandOnTargetWithValueWithSpacesToSelenese"/>
  <testcase time="0.031" classname="com.xebia.fitnesse.selenium.JavascriptTestCase" name="testNoStartStopOption"/>
  <testcase time="0.064" classname="com.xebia.fitnesse.selenium.JavascriptTestCase" name="testExecuteCommandOnEscapedTargetWithEscapedValueToSelenese"/>
  <testcase time="0.062" classname="com.xebia.fitnesse.selenium.JavascriptTestCase" name="shouldExecuteCommandOnTargetWithValueToSelenese"/>
  <testcase time="0.056" classname="com.xebia.fitnesse.selenium.JavascriptTestCase" name="shouldParseDataPastedFromBrowser"/>
  <testcase time="0.032" classname="com.xebia.fitnesse.selenium.JavascriptTestCase" name="testExecuteCommandOnTextSeparatedByBars"/>
  <testcase time="0.163" classname="com.xebia.fitnesse.selenium.JavascriptTestCase" name="shouldParseSubstitutedVariables"/>
  <testcase time="0.041" classname="com.xebia.fitnesse.selenium.JavascriptTestCase" name="testLibraryModeOption"/>
  <testcase time="0.029" classname="com.xebia.fitnesse.selenium.JavascriptTestCase" name="testExecuteCommandOnComplexGlobPatternToSelenese"/>
  <testcase time="0.076" classname="com.xebia.fitnesse.selenium.JavascriptTestCase" name="shouldExecuteStoreCommandToSelenese"/>
  <testcase time="0" classname="com.xebia.fitnesse.selenium.JavascriptTestCase" name="shouldParseLenient"/>
  <testcase time="0.031" classname="com.xebia.fitnesse.selenium.JavascriptTestCase" name="shouldParseBareActionCommand"/>
  <testcase time="0.03" classname="com.xebia.fitnesse.selenium.JavascriptTestCase" name="shoudlConvertExact"/>
  <testcase time="0.052" classname="com.xebia.fitnesse.selenium.JavascriptTestCase" name="shoudlEscapeBars"/>
  <testcase time="0.049" classname="com.xebia.fitnesse.selenium.JavascriptTestCase" name="shouldParseGlobToSeleneseWheneverPossible"/>
  <testcase time="0.008" classname="com.xebia.fitnesse.selenium.JavascriptTestCase" name="testCommand"/>
  <testcase time="0.029" classname="com.xebia.fitnesse.selenium.JavascriptTestCase" name="shouldParseActionCommand"/>
  <testcase time="0.073" classname="com.xebia.fitnesse.selenium.JavascriptTestCase" name="shouldParseRightActionToFitnesse"/>
  <testcase time="0.094" classname="com.xebia.fitnesse.selenium.JavascriptTestCase" name="shouldParseFailedCheckCommands"/>
  <testcase time="0" classname="com.xebia.fitnesse.selenium.JavascriptTestCase" name="shouldAlwaysMakeEnsureCommandsForWaitForCommands"/>
  <testcase time="0.054" classname="com.xebia.fitnesse.selenium.JavascriptTestCase" name="shouldIgnoreFitnesseTableHeadings"/>
  <testcase time="0.005" classname="com.xebia.fitnesse.selenium.JavascriptTestCase" name="testExecuteCommandOnTargetWithValueToSelenese"/>
  <testcase time="0.03" classname="com.xebia.fitnesse.selenium.JavascriptTestCase" name="testStartBrowserLine"/>
  <testcase time="0.045" classname="com.xebia.fitnesse.selenium.JavascriptTestCase" name="shouldParseStartBrowserLineToFitnesse"/>
  <testcase time="0.013" classname="com.xebia.fitnesse.selenium.JavascriptTestCase" name="shoudlConvertRegexp"/>
  <testcase time="0.027" classname="com.xebia.fitnesse.selenium.JavascriptTestCase" name="shouldParseCheckCommand"/>
  <testcase time="0.026" classname="com.xebia.fitnesse.selenium.JavascriptTestCase" name="shouldParseBareCheckCommand"/>
  <testcase time="0.031" classname="com.xebia.fitnesse.selenium.JavascriptTestCase" name="shouldStoreCommandOnTargetToFitnesse"/>
  <testcase time="0.036" classname="com.xebia.fitnesse.selenium.JavascriptTestCase" name="shouldParseRegexpToSelenese"/>
  <testcase time="0.036" classname="com.xebia.fitnesse.selenium.JavascriptTestCase" name="shouldMakeCommentsForNonFitnesseLines"/>
  <testcase time="0.041" classname="com.xebia.fitnesse.selenium.JavascriptTestCase" name="testEmptyTestCase"/>
  <testcase time="0.033" classname="com.xebia.fitnesse.selenium.JavascriptTestCase" name="testExecuteCommandOnEscapedUrlTargetToSelenese"/>
</testsuite>